<?xml version="1.0" encoding="UTF-8"?>
<coverage generated="1769272624655" clover="3.2.0">
  <project timestamp="1769272624655" name="All files">
    <metrics statements="11" coveredstatements="11" conditionals="2" coveredconditionals="2" methods="1" coveredmethods="1" elements="14" coveredelements="14" complexity="0" loc="11" ncloc="11" packages="1" files="1" classes="1"/>
    <file name="create-user.usecase.js" path="D:\workspace-nodejs\clean-js\src\application\create-user.usecase.js">
      <metrics statements="11" coveredstatements="11" conditionals="2" coveredconditionals="2" methods="1" coveredmethods="1"/>
      <line num="1" count="1" type="cond" truecount="1" falsecount="0"/>
      <line num="2" count="1" type="cond" truecount="1" falsecount="0"/>
      <line num="3" count="1" type="stmt"/>
      <line num="4" count="1" type="stmt"/>
      <line num="5" count="1" type="stmt"/>
      <line num="6" count="1" type="stmt"/>
      <line num="7" count="1" type="stmt"/>
      <line num="8" count="1" type="stmt"/>
      <line num="9" count="1" type="stmt"/>
      <line num="10" count="1" type="stmt"/>
      <line num="11" count="1" type="stmt"/>
    </file>
  </project>
</coverage>
